TN:
SF:src/app.ts
FNF:0
FNH:0
DA:10,1
DA:12,1
DA:13,1
DA:14,1
DA:17,1
DA:18,1
DA:22,1
DA:23,1
LF:8
LH:8
BRDA:17,0,0,1
BRF:1
BRH:1
end_of_record
TN:
SF:src/database.ts
FNF:0
FNH:0
DA:3,1
DA:4,1
LF:2
LH:2
BRF:0
BRH:0
end_of_record
TN:
SF:src/controllers/recommendationController.ts
FN:6,insert
FN:17,upvote
FN:25,downvote
FN:33,random
FN:39,get
FN:44,getTop
FN:51,getById
FNF:7
FNH:7
FNDA:7,insert
FNDA:2,upvote
FNDA:2,downvote
FNDA:3,random
FNDA:2,get
FNDA:1,getTop
FNDA:2,getById
DA:7,7
DA:8,7
DA:9,1
DA:12,6
DA:14,5
DA:18,2
DA:20,2
DA:22,1
DA:26,2
DA:28,2
DA:30,1
DA:34,3
DA:36,2
DA:40,2
DA:41,2
DA:45,1
DA:47,1
DA:48,1
DA:52,2
DA:54,2
DA:55,1
DA:58,1
LF:22
LH:22
BRDA:8,0,0,1
BRF:1
BRH:1
end_of_record
TN:
SF:src/controllers/test2e2Controller.ts
FN:4,reset
FNF:1
FNH:0
FNDA:0,reset
DA:5,0
DA:6,0
LF:2
LH:0
BRF:0
BRH:0
end_of_record
TN:
SF:src/middlewares/errorHandlerMiddleware.ts
FN:8,errorHandlerMiddleware
FNF:1
FNH:1
FNDA:6,errorHandlerMiddleware
DA:14,6
DA:16,6
DA:17,6
DA:20,0
LF:4
LH:3
BRDA:16,0,0,6
BRF:1
BRH:1
end_of_record
TN:
SF:src/repositories/recommendationRepository.ts
FN:5,create
FN:16,findAll
FN:26,getAmountByScore
FN:33,getFindAllFilter
FN:45,find
FN:51,findByName
FN:57,updateScore
FN:66,remove
FN:72,deleteAll
FNF:9
FNH:7
FNDA:5,create
FNDA:6,findAll
FNDA:1,getAmountByScore
FNDA:6,getFindAllFilter
FNDA:6,find
FNDA:6,findByName
FNDA:2,updateScore
FNDA:0,remove
FNDA:0,deleteAll
DA:6,5
DA:17,6
DA:19,6
DA:27,1
DA:36,6
DA:38,3
DA:40,3
DA:46,6
DA:52,6
DA:58,2
DA:67,0
DA:73,0
DA:77,1
LF:13
LH:11
BRDA:36,0,0,3
BRF:1
BRH:1
end_of_record
TN:
SF:src/repositories/test2e2Repository.ts
FN:3,deleteAll
FNF:1
FNH:0
FNDA:0,deleteAll
DA:4,0
LF:1
LH:0
BRF:0
BRH:0
end_of_record
TN:
SF:src/routers/recommendationRouter.ts
FNF:0
FNH:0
DA:4,1
DA:6,1
DA:7,1
DA:8,1
DA:9,1
DA:10,1
DA:11,1
DA:12,1
LF:8
LH:8
BRF:0
BRH:0
end_of_record
TN:
SF:src/routers/test2e2Router.ts
FNF:0
FNH:0
DA:4,1
DA:6,1
LF:2
LH:2
BRF:0
BRH:0
end_of_record
TN:
SF:src/schemas/recommendationsSchemas.ts
FNF:0
FNH:0
DA:4,1
DA:6,1
LF:2
LH:2
BRF:0
BRH:0
end_of_record
TN:
SF:src/services/recommendationsService.ts
FN:7,insert
FN:17,upvote
FN:23,downvote
FN:36,getByIdOrFail
FN:43,get
FN:47,getTop
FN:51,getRandom
FN:64,getByScore
FN:77,getScoreFilter
FNF:9
FNH:9
FNDA:6,insert
FNDA:2,upvote
FNDA:2,downvote
FNDA:6,getByIdOrFail
FNDA:2,get
FNDA:1,getTop
FNDA:3,getRandom
FNDA:3,getByScore
FNDA:3,getScoreFilter
DA:8,6
DA:11,6
DA:12,1
DA:14,5
DA:18,2
DA:20,1
DA:24,2
DA:26,1
DA:31,1
DA:32,0
DA:37,6
DA:38,6
DA:40,3
DA:44,2
DA:48,1
DA:52,3
DA:53,3
DA:55,3
DA:56,3
DA:57,1
DA:60,2
DA:61,2
DA:65,3
DA:70,3
DA:71,2
DA:74,1
DA:78,3
DA:79,2
DA:82,1
DA:86,1
LF:30
LH:29
BRDA:11,0,0,1
BRDA:31,1,0,0
BRDA:38,2,0,3
BRDA:56,3,0,1
BRDA:70,4,0,2
BRDA:78,5,0,2
BRF:6
BRH:5
end_of_record
TN:
SF:src/services/test2e2Service.ts
FN:2,deleteAll
FNF:1
FNH:0
FNDA:0,deleteAll
DA:3,0
LF:1
LH:0
BRF:0
BRH:0
end_of_record
TN:
SF:src/utils/errorUtils.ts
FN:7,isAppError
FN:11,errorTypeToStatusCode
FN:19,conflictError
FN:23,notFoundError
FN:27,unauthorizedError
FN:31,wrongSchemaError
FNF:6
FNH:5
FNDA:6,isAppError
FNDA:6,errorTypeToStatusCode
FNDA:1,conflictError
FNDA:4,notFoundError
FNDA:0,unauthorizedError
FNDA:1,wrongSchemaError
DA:8,6
DA:12,6
DA:13,5
DA:14,1
DA:15,1
DA:16,0
DA:20,1
DA:24,4
DA:28,0
DA:32,1
LF:10
LH:8
BRDA:12,0,0,1
BRDA:13,1,0,4
BRDA:14,2,0,0
BRDA:15,3,0,1
BRDA:20,4,0,1
BRDA:20,4,1,0
BRDA:20,5,0,1
BRDA:20,5,1,1
BRDA:24,6,0,0
BRDA:24,6,1,4
BRDA:24,7,0,4
BRDA:24,7,1,4
BRDA:28,8,0,0
BRDA:28,8,1,0
BRDA:28,9,0,0
BRDA:28,9,1,0
BRDA:32,10,0,0
BRDA:32,10,1,1
BRDA:32,11,0,1
BRDA:32,11,1,1
BRF:20
BRH:12
end_of_record
TN:
SF:tests/factories/recommendationFactory.ts
FN:6,createDataRecommendation
FN:13,wrongDataRecommendation
FN:20,existentNameRecommendation
FN:27,createPreExistentRecommendation
FN:40,findRecommendation
FN:46,getAll
FN:50,updateXScores
FNF:7
FNH:7
FNDA:4,createDataRecommendation
FNDA:1,wrongDataRecommendation
FNDA:2,existentNameRecommendation
FNDA:12,createPreExistentRecommendation
FNDA:11,findRecommendation
FNDA:1,getAll
FNDA:7,updateXScores
DA:7,4
DA:14,1
DA:21,2
DA:28,12
DA:29,12
DA:30,108
DA:35,108
DA:37,12
DA:41,11
DA:47,1
DA:51,7
DA:52,7
LF:12
LH:12
BRF:0
BRH:0
end_of_record
TN:
SF:tests/factories/scenarioFactory.ts
FN:3,deleteAllData
FN:9,disconnectPrisma
FNF:2
FNH:2
FNDA:15,deleteAllData
FNDA:1,disconnectPrisma
DA:4,15
DA:10,1
LF:2
LH:2
BRF:0
BRH:0
end_of_record
